       Step     Time          Energy          fmax
LBFGS:    0 12:11:35      -78.243453        1.416167
LBFGS:    1 12:11:35      -78.337212        0.647138
LBFGS:    2 12:11:35      -78.442264        0.632266
LBFGS:    3 12:11:36      -78.522012        0.773250
LBFGS:    4 12:11:36      -78.603846        0.733353
LBFGS:    5 12:11:36      -78.695245        0.581319
LBFGS:    6 12:11:36      -78.770736        0.661302
LBFGS:    7 12:11:36      -78.821785        0.743005
LBFGS:    8 12:11:36      -78.872198        0.479345
LBFGS:    9 12:11:37      -78.924961        0.516890
LBFGS:   10 12:11:37      -78.982961        0.631628
LBFGS:   11 12:11:37      -79.038643        0.914183
LBFGS:   12 12:11:37      -79.085564        0.843905
LBFGS:   13 12:11:37      -79.122455        0.480883
LBFGS:   14 12:11:38      -79.147447        0.316917
LBFGS:   15 12:11:38      -79.162246        0.284357
LBFGS:   16 12:11:38      -79.173454        0.285022
LBFGS:   17 12:11:38      -79.183132        0.267525
LBFGS:   18 12:11:38      -79.190418        0.176645
LBFGS:   19 12:11:38      -79.194411        0.106636
LBFGS:   20 12:11:39      -79.197002        0.124956
LBFGS:   21 12:11:39      -79.200331        0.169409
LBFGS:   22 12:11:39      -79.204782        0.205589
LBFGS:   23 12:11:39      -79.209274        0.187897
LBFGS:   24 12:11:39      -79.212427        0.130485
LBFGS:   25 12:11:40      -79.214702        0.143711
LBFGS:   26 12:11:40      -79.217303        0.177296
LBFGS:   27 12:11:40      -79.220759        0.163778
LBFGS:   28 12:11:40      -79.224522        0.160824
LBFGS:   29 12:11:40      -79.228021        0.158246
LBFGS:   30 12:11:40      -79.231779        0.183422
LBFGS:   31 12:11:41      -79.236859        0.223285
LBFGS:   32 12:11:41      -79.243337        0.297975
LBFGS:   33 12:11:41      -79.249712        0.266230
LBFGS:   34 12:11:41      -79.254766        0.138474
LBFGS:   35 12:11:41      -79.259075        0.202616
LBFGS:   36 12:11:42      -79.263384        0.216230
LBFGS:   37 12:11:42      -79.267656        0.225202
LBFGS:   38 12:11:42      -79.271496        0.267484
LBFGS:   39 12:11:42      -79.274948        0.156101
LBFGS:   40 12:11:42      -79.278028        0.109249
LBFGS:   41 12:11:43      -79.280049        0.124830
LBFGS:   42 12:11:43      -79.282935        0.130195
LBFGS:   43 12:11:43      -79.286118        0.134016
LBFGS:   44 12:11:43      -79.291167        0.188251
LBFGS:   45 12:11:43      -79.297592        0.219138
LBFGS:   46 12:11:44      -79.300529        0.529321
LBFGS:   47 12:11:44      -79.306659        0.107666
LBFGS:   48 12:11:44      -79.309059        0.090789
LBFGS:   49 12:11:44      -79.313461        0.163793
LBFGS:   50 12:11:45      -79.317802        0.258896
LBFGS:   51 12:11:45      -79.324172        0.305669
LBFGS:   52 12:11:45      -79.330809        0.179318
LBFGS:   53 12:11:45      -79.336265        0.185159
LBFGS:   54 12:11:45      -79.338782        0.373145
LBFGS:   55 12:11:46      -79.341087        0.154544
LBFGS:   56 12:11:46      -79.343609        0.106480
LBFGS:   57 12:11:46      -79.350418        0.121262
LBFGS:   58 12:11:46      -79.352936        0.141083
LBFGS:   59 12:11:46      -79.356864        0.132949
LBFGS:   60 12:11:46      -79.359515        0.146765
LBFGS:   61 12:11:47      -79.362701        0.143373
LBFGS:   62 12:11:47      -79.365341        0.113225
LBFGS:   63 12:11:47      -79.367535        0.086500
LBFGS:   64 12:11:47      -79.369319        0.180495
LBFGS:   65 12:11:47      -79.371070        0.105682
LBFGS:   66 12:11:48      -79.373291        0.100376
LBFGS:   67 12:11:48      -79.376459        0.087812
LBFGS:   68 12:11:48      -79.378793        0.106622
LBFGS:   69 12:11:48      -79.381085        0.119868
LBFGS:   70 12:11:48      -79.383110        0.117708
LBFGS:   71 12:11:49      -79.385536        0.091684
LBFGS:   72 12:11:49      -79.388409        0.084406
LBFGS:   73 12:11:49      -79.391284        0.095626
LBFGS:   74 12:11:49      -79.393635        0.105561
LBFGS:   75 12:11:49      -79.395778        0.114571
LBFGS:   76 12:11:50      -79.398490        0.106222
LBFGS:   77 12:11:50      -79.401879        0.093267
LBFGS:   78 12:11:50      -79.404978        0.076615
LBFGS:   79 12:11:50      -79.407202        0.084127
LBFGS:   80 12:11:50      -79.408638        0.073196
LBFGS:   81 12:11:51      -79.410065        0.074037
LBFGS:   82 12:11:51      -79.412168        0.081494
LBFGS:   83 12:11:51      -79.414660        0.111773
LBFGS:   84 12:11:51      -79.416621        0.098958
LBFGS:   85 12:11:51      -79.417912        0.100502
LBFGS:   86 12:11:52      -79.419132        0.086245
LBFGS:   87 12:11:52      -79.420925        0.073899
LBFGS:   88 12:11:52      -79.423306        0.117802
LBFGS:   89 12:11:52      -79.425318        0.096649
LBFGS:   90 12:11:52      -79.426396        0.098820
LBFGS:   91 12:11:52      -79.427045        0.062715
LBFGS:   92 12:11:53      -79.427898        0.052970
LBFGS:   93 12:11:53      -79.429485        0.085715
LBFGS:   94 12:11:53      -79.431654        0.079673
LBFGS:   95 12:11:53      -79.433497        0.067534
LBFGS:   96 12:11:53      -79.434447        0.066937
LBFGS:   97 12:11:54      -79.435137        0.077317
LBFGS:   98 12:11:54      -79.436182        0.105304
LBFGS:   99 12:11:54      -79.437714        0.111121
LBFGS:  100 12:11:54      -79.439317        0.078884
LBFGS:  101 12:11:54      -79.440292        0.056968
LBFGS:  102 12:11:54      -79.440836        0.077320
LBFGS:  103 12:11:55      -79.441507        0.087624
LBFGS:  104 12:11:55      -79.442686        0.093389
LBFGS:  105 12:11:55      -79.444462        0.103520
LBFGS:  106 12:11:55      -79.446173        0.077465
LBFGS:  107 12:11:55      -79.447127        0.043331
